<?xml version="1.0" encoding="UTF-8"?>
<testng-results ignored="0" total="1" passed="1" failed="0" skipped="0">
  <reporter-output>
  </reporter-output>
  <suite started-at="2023-11-03T10:38:18 IST" name="Suite" finished-at="2023-11-03T10:40:44 IST" duration-ms="145289">
    <groups>
    </groups>
    <test started-at="2023-11-03T10:38:18 IST" name="Oops Concepts using Chrome" finished-at="2023-11-03T10:40:44 IST" duration-ms="145289">
      <class name="com.oops.qa.TestPage.LoginPageTest">
        <test-method is-config="true" signature="setup(java.lang.String)[pri:0, instance:com.oops.qa.TestPage.LoginPageTest@6f01b95f]" started-at="2023-11-03T10:38:18 IST" name="setup" finished-at="2023-11-03T10:38:24 IST" duration-ms="5810" status="PASS">
          <params>
            <param index="0">
              <value>
                <![CDATA[chrome]]>
              </value>
            </param>
          </params>
          <reporter-output>
          </reporter-output>
        </test-method> <!-- setup -->
        <test-method signature="verifyLoginPageTitleTest()[pri:1, instance:com.oops.qa.TestPage.LoginPageTest@6f01b95f]" started-at="2023-11-03T10:38:24 IST" name="verifyLoginPageTitleTest" finished-at="2023-11-03T10:40:43 IST" duration-ms="139131" status="PASS">
          <reporter-output>
          </reporter-output>
        </test-method> <!-- verifyLoginPageTitleTest -->
        <test-method is-config="true" signature="tearDown()[pri:0, instance:com.oops.qa.TestPage.LoginPageTest@6f01b95f]" started-at="2023-11-03T10:40:43 IST" name="tearDown" finished-at="2023-11-03T10:40:44 IST" duration-ms="308" status="PASS">
          <reporter-output>
          </reporter-output>
        </test-method> <!-- tearDown -->
      </class> <!-- com.oops.qa.TestPage.LoginPageTest -->
    </test> <!-- Oops Concepts using Chrome -->
  </suite> <!-- Suite -->
</testng-results>
